\BOOKMARK [0][-]{chapter.1}{\376\377\000C\000h\000a\000p\000t\000e\000r\000\040\0001\000:\000\040\000I\000n\000t\000r\000o\000d\000u\000c\000t\000i\000o\000n}{}% 1
\BOOKMARK [0][-]{chapter.2}{\376\377\000C\000h\000a\000p\000t\000e\000r\000\040\0002\000:\000\040\000R\000\040\000M\000a\000r\000k\000d\000o\000w\000n\000\040\000B\000a\000s\000i\000c\000s}{}% 2
\BOOKMARK [1][-]{section.2.1}{\376\377\000L\000i\000s\000t\000s}{chapter.2}% 3
\BOOKMARK [1][-]{section.2.2}{\376\377\000L\000i\000n\000e\000\040\000b\000r\000e\000a\000k\000s}{chapter.2}% 4
\BOOKMARK [1][-]{section.2.3}{\376\377\000R\000\040\000c\000h\000u\000n\000k\000s}{chapter.2}% 5
\BOOKMARK [1][-]{section.2.4}{\376\377\000I\000n\000l\000i\000n\000e\000\040\000c\000o\000d\000e}{chapter.2}% 6
\BOOKMARK [1][-]{section.2.5}{\376\377\000I\000n\000c\000l\000u\000d\000i\000n\000g\000\040\000p\000l\000o\000t\000s}{chapter.2}% 7
\BOOKMARK [1][-]{section.2.6}{\376\377\000L\000o\000a\000d\000i\000n\000g\000\040\000a\000n\000d\000\040\000e\000x\000p\000l\000o\000r\000i\000n\000g\000\040\000d\000a\000t\000a}{chapter.2}% 8
\BOOKMARK [1][-]{section.2.7}{\376\377\000A\000d\000d\000i\000t\000i\000o\000n\000a\000l\000\040\000r\000e\000s\000o\000u\000r\000c\000e\000s}{chapter.2}% 9
\BOOKMARK [0][-]{chapter.3}{\376\377\000C\000h\000a\000p\000t\000e\000r\000\040\0003\000:\000\040\000M\000a\000t\000h\000e\000m\000a\000t\000i\000c\000s\000\040\000a\000n\000d\000\040\000S\000c\000i\000e\000n\000c\000e}{}% 10
\BOOKMARK [1][-]{section.3.1}{\376\377\000M\000a\000t\000h}{chapter.3}% 11
\BOOKMARK [1][-]{section.3.2}{\376\377\000C\000h\000e\000m\000i\000s\000t\000r\000y\000\040\0001\0000\0001\000:\000\040\000S\000y\000m\000b\000o\000l\000s}{chapter.3}% 12
\BOOKMARK [2][-]{subsection.3.2.1}{\376\377\000T\000y\000p\000e\000s\000e\000t\000t\000i\000n\000g\000\040\000r\000e\000a\000c\000t\000i\000o\000n\000s}{section.3.2}% 13
\BOOKMARK [2][-]{subsection.3.2.2}{\376\377\000O\000t\000h\000e\000r\000\040\000e\000x\000a\000m\000p\000l\000e\000s\000\040\000o\000f\000\040\000r\000e\000a\000c\000t\000i\000o\000n\000s}{section.3.2}% 14
\BOOKMARK [1][-]{section.3.3}{\376\377\000P\000h\000y\000s\000i\000c\000s}{chapter.3}% 15
\BOOKMARK [1][-]{section.3.4}{\376\377\000B\000i\000o\000l\000o\000g\000y}{chapter.3}% 16
\BOOKMARK [0][-]{chapter.4}{\376\377\000C\000h\000a\000p\000t\000e\000r\000\040\0004\000:\000\040\000G\000r\000a\000p\000h\000i\000c\000s\000,\000\040\000R\000e\000f\000e\000r\000e\000n\000c\000e\000s\000,\000\040\000a\000n\000d\000\040\000L\000a\000b\000e\000l\000s}{}% 17
\BOOKMARK [1][-]{section.4.1}{\376\377\000F\000i\000g\000u\000r\000e\000s}{chapter.4}% 18
\BOOKMARK [1][-]{section.4.2}{\376\377\000F\000o\000o\000t\000n\000o\000t\000e\000s\000\040\000a\000n\000d\000\040\000E\000n\000d\000n\000o\000t\000e\000s}{chapter.4}% 19
\BOOKMARK [1][-]{section.4.3}{\376\377\000B\000i\000b\000l\000i\000o\000g\000r\000a\000p\000h\000i\000e\000s}{chapter.4}% 20
\BOOKMARK [1][-]{section.4.4}{\376\377\000A\000n\000y\000t\000h\000i\000n\000g\000\040\000e\000l\000s\000e\000?}{chapter.4}% 21
\BOOKMARK [0][-]{chapter*.13}{\376\377\000C\000o\000n\000c\000l\000u\000s\000i\000o\000n}{}% 22
\BOOKMARK [0][-]{appendix.A}{\376\377\000A\000p\000p\000e\000n\000d\000i\000x\000\040\000A\000:\000\040\000T\000h\000e\000\040\000F\000i\000r\000s\000t\000\040\000A\000p\000p\000e\000n\000d\000i\000x}{}% 23
\BOOKMARK [0][-]{appendix.B}{\376\377\000A\000p\000p\000e\000n\000d\000i\000x\000\040\000B\000:\000\040\000T\000h\000e\000\040\000S\000e\000c\000o\000n\000d\000\040\000A\000p\000p\000e\000n\000d\000i\000x\000,\000\040\000f\000o\000r\000\040\000F\000u\000n}{}% 24
\BOOKMARK [0][-]{appendix*.14}{\376\377\000R\000e\000f\000e\000r\000e\000n\000c\000e\000s}{}% 25
